State 0:
567
408
321

State 1:
507
468
321

State 2:
570
468
321

State 3:
578
460
321

State 4:
578
461
320

State 5:
578
461
302

State 6:
578
401
362

State 7:
508
471
362

State 8:
580
471
362

State 9:
581
470
362

State 10:
581
472
360

State 11:
581
472
306

State 12:
581
402
376

State 13:
501
482
376

State 14:
510
482
376

State 15:
512
480
376

State 16:
512
408
376

State 17:
512
048
376

State 18:
012
548
376

State 19:
102
548
376

State 20:
120
548
376

State 21:
128
540
376

State 22:
128
504
376

State 23:
128
054
376

State 24:
128
354
076

State 25:
128
354
706

State 26:
128
304
756

State 27:
128
034
756

State 28:
028
134
756

State 29:
208
134
756

State 30:
280
134
756

State 31:
284
130
756

State 32:
284
103
756

State 33:
204
183
756

State 34:
024
183
756

State 35:
124
083
756

State 36:
124
803
756

State 37:
124
830
756

State 38:
124
836
750

State 39:
124
836
705

State 40:
124
806
735

State 41:
124
860
735

State 42:
120
864
735

State 43:
102
864
735

State 44:
162
804
735

State 45:
162
834
705

State 46:
162
834
750

State 47:
162
830
754

State 48:
162
803
754

State 49:
102
863
754

State 50:
120
863
754

State 51:
123
860
754

State 52:
123
864
750

State 53:
123
864
705

State 54:
123
804
765

